<?xml version="1.0" encoding="UTF-8" ?>
<testsuite errors="0" failures="0" hostname="ssoares-ThinkPad-T410s" name="com.flatironschool.javacs.HelloWorldTest" skipped="0" tests="1" time="0.114" timestamp="2016-03-18T20:47:29">
  <properties>
    <property name="env.DESKTOP_SESSION" value="ubuntu" />
    <property name="env.OLDPWD" value="/home/ssoares/CodeU" />
    <property name="file.encoding.pkg" value="sun.io" />
    <property name="env.SELINUX_INIT" value="YES" />
    <property name="env.rvm_bin_path" value="/home/ssoares/.rvm/bin" />
    <property name="java.home" value="/usr/local/java/jdk1.8.0_71/jre" />
    <property name="env.GDM_LANG" value="en_US" />
    <property name="env.DISPLAY" value=":0" />
    <property name="env.LS_COLORS" value="rs=0:di=01;34:ln=01;36:mh=00:pi=40;33:so=01;35:do=01;35:bd=40;33;01:cd=40;33;01:or=40;31;01:su=37;41:sg=30;43:ca=30;41:tw=30;42:ow=34;42:st=37;44:ex=01;32:*.tar=01;31:*.tgz=01;31:*.arj=01;31:*.taz=01;31:*.lzh=01;31:*.lzma=01;31:*.tlz=01;31:*.txz=01;31:*.zip=01;31:*.z=01;31:*.Z=01;31:*.dz=01;31:*.gz=01;31:*.lz=01;31:*.xz=01;31:*.bz2=01;31:*.bz=01;31:*.tbz=01;31:*.tbz2=01;31:*.tz=01;31:*.deb=01;31:*.rpm=01;31:*.jar=01;31:*.war=01;31:*.ear=01;31:*.sar=01;31:*.rar=01;31:*.ace=01;31:*.zoo=01;31:*.cpio=01;31:*.7z=01;31:*.rz=01;31:*.jpg=01;35:*.jpeg=01;35:*.gif=01;35:*.bmp=01;35:*.pbm=01;35:*.pgm=01;35:*.ppm=01;35:*.tga=01;35:*.xbm=01;35:*.xpm=01;35:*.tif=01;35:*.tiff=01;35:*.png=01;35:*.svg=01;35:*.svgz=01;35:*.mng=01;35:*.pcx=01;35:*.mov=01;35:*.mpg=01;35:*.mpeg=01;35:*.m2v=01;35:*.mkv=01;35:*.webm=01;35:*.ogm=01;35:*.mp4=01;35:*.m4v=01;35:*.mp4v=01;35:*.vob=01;35:*.qt=01;35:*.nuv=01;35:*.wmv=01;35:*.asf=01;35:*.rm=01;35:*.rmvb=01;35:*.flc=01;35:*.avi=01;35:*.fli=01;35:*.flv=01;35:*.gl=01;35:*.dl=01;35:*.xcf=01;35:*.xwd=01;35:*.yuv=01;35:*.cgm=01;35:*.emf=01;35:*.axv=01;35:*.anx=01;35:*.ogv=01;35:*.ogx=01;35:*.aac=00;36:*.au=00;36:*.flac=00;36:*.mid=00;36:*.midi=00;36:*.mka=00;36:*.mp3=00;36:*.mpc=00;36:*.ogg=00;36:*.ra=00;36:*.wav=00;36:*.axa=00;36:*.oga=00;36:*.spx=00;36:*.xspf=00;36:" />
    <property name="env.XDG_VTNR" value="7" />
    <property name="env.XDG_GREETER_DATA_DIR" value="/var/lib/lightdm-data/ssoares" />
    <property name="java.endorsed.dirs" value="/usr/local/java/jdk1.8.0_71/jre/lib/endorsed" />
    <property name="env.LOGNAME" value="ssoares" />
    <property name="debuglevel" value="source,lines,vars" />
    <property name="env.XDG_SEAT" value="seat0" />
    <property name="env._system_version" value="14.04" />
    <property name="env.SESSION_MANAGER" value="local/ssoares-ThinkPad-T410s:@/tmp/.ICE-unix/1979,unix/ssoares-ThinkPad-T410s:/tmp/.ICE-unix/1979" />
    <property name="sun.os.patch.level" value="unknown" />
    <property name="java.vendor.url" value="http://java.oracle.com/" />
    <property name="env.XDG_SEAT_PATH" value="/org/freedesktop/DisplayManager/Seat0" />
    <property name="env.MANDATORY_PATH" value="/usr/share/gconf/ubuntu.mandatory.path" />
    <property name="java.version" value="1.8.0_71" />
    <property name="env._system_type" value="Linux" />
    <property name="java.vendor.url.bug" value="http://bugreport.sun.com/bugreport/" />
    <property name="env.LANGUAGE" value="en_US" />
    <property name="env.GEM_HOME" value="/home/ssoares/.rvm/gems/ruby-2.2.1" />
    <property name="env.XDG_MENU_PREFIX" value="gnome-" />
    <property name="ant.project.invoked-targets" value="test" />
    <property name="env.XDG_DATA_DIRS" value="/usr/share/ubuntu:/usr/share/gnome:/usr/local/share/:/usr/share/" />
    <property name="env.GNOME_KEYRING_CONTROL" value="/run/user/1000/keyring-qqGU5y" />
    <property name="env.UPSTART_SESSION" value="unix:abstract=/com/ubuntu/upstart-session/1000/1797" />
    <property name="env.RUBY_VERSION" value="ruby-2.2.1" />
    <property name="user.name" value="ssoares" />
    <property name="env.LANG" value="en_US.UTF-8" />
    <property name="sun.io.unicode.encoding" value="UnicodeLittle" />
    <property name="sun.jnu.encoding" value="UTF-8" />
    <property name="env.DBUS_SESSION_BUS_ADDRESS" value="unix:abstract=/tmp/dbus-tN6PTQh9Wr" />
    <property name="java.runtime.name" value="Java(TM) SE Runtime Environment" />
    <property name="env._ORIGINAL_GEM_PATH" value="/home/ssoares/.rvm/gems/ruby-2.2.1:/home/ssoares/.rvm/gems/ruby-2.2.1@global" />
    <property name="java.specification.name" value="Java Platform API Specification" />
    <property name="user.timezone" value="" />
    <property name="env.LESSOPEN" value="| /usr/bin/lesspipe %s" />
    <property name="path.separator" value=":" />
    <property name="env.XMODIFIERS" value="@im=ibus" />
    <property name="file.encoding" value="UTF-8" />
    <property name="ant.project.default-target" value="build" />
    <property name="env.HOME" value="/home/ssoares" />
    <property name="sun.java.command" value="org.apache.tools.ant.taskdefs.optional.junit.JUnitTestRunner com.flatironschool.javacs.HelloWorldTest skipNonTests=false filtertrace=true haltOnError=false haltOnFailure=false formatter=org.apache.tools.ant.taskdefs.optional.junit.OutErrSummaryJUnitResultFormatter showoutput=false outputtoformatters=true logfailedtests=true logtestlistenerevents=false formatter=org.apache.tools.ant.taskdefs.optional.junit.XMLJUnitResultFormatter,/home/ssoares/CodeU/cs-java-hello-world-lab-codeU/javacs-lab00/junit/TEST-com.flatironschool.javacs.HelloWorldTest.xml formatter=org.apache.tools.ant.taskdefs.optional.junit.PlainJUnitResultFormatter crashfile=/home/ssoares/CodeU/cs-java-hello-world-lab-codeU/javacs-lab00/junitvmwatcher7551320101716154978.properties propsfile=/home/ssoares/CodeU/cs-java-hello-world-lab-codeU/javacs-lab00/junit403763346145239429.properties" />
    <property name="ant.file" value="/home/ssoares/CodeU/cs-java-hello-world-lab-codeU/javacs-lab00/build.xml" />
    <property name="env._system_name" value="Ubuntu" />
    <property name="env._" value="/home/ssoares/.rvm/gems/ruby-2.2.1/bin/learn-test" />
    <property name="java.io.tmpdir" value="/tmp" />
    <property name="env.GNOME_KEYRING_PID" value="1793" />
    <property name="user.language" value="en" />
    <property name="line.separator" value="&#xa;" />
    <property name="target" value="1.6" />
    <property name="ant.file.type" value="file" />
    <property name="env.CLUTTER_IM_MODULE" value="xim" />
    <property name="java.vm.info" value="mixed mode" />
    <property name="source" value="1.6" />
    <property name="sun.desktop" value="gnome" />
    <property name="java.vm.specification.name" value="Java Virtual Machine Specification" />
    <property name="env.COLORTERM" value="gnome-terminal" />
    <property name="env.TEXTDOMAIN" value="im-config" />
    <property name="env.IM_CONFIG_PHASE" value="1" />
    <property name="env.rvm_path" value="/home/ssoares/.rvm" />
    <property name="env.GEM_PATH" value="/home/ssoares/.rvm/gems/ruby-2.2.1:/home/ssoares/.rvm/gems/ruby-2.2.1@global" />
    <property name="env.GDMSESSION" value="ubuntu" />
    <property name="java.awt.printerjob" value="sun.print.PSPrinterJob" />
    <property name="env.VTE_VERSION" value="3409" />
    <property name="env.DEFAULTS_PATH" value="/usr/share/gconf/ubuntu.default.path" />
    <property name="ant.version" value="Apache Ant(TM) version 1.9.3 compiled on April 8 2014" />
    <property name="env.WINDOWID" value="71303179" />
    <property name="env.COMPIZ_CONFIG_PROFILE" value="ubuntu" />
    <property name="env.XDG_SESSION_PATH" value="/org/freedesktop/DisplayManager/Session0" />
    <property name="env.JOB" value="dbus" />
    <property name="os.name" value="Linux" />
    <property name="java.specification.vendor" value="Oracle Corporation" />
    <property name="env.rvm_version" value="1.26.11 (latest)" />
    <property name="env.TERM" value="xterm" />
    <property name="java.vm.name" value="Java HotSpot(TM) 64-Bit Server VM" />
    <property name="env.QT_IM_MODULE" value="ibus" />
    <property name="java.library.path" value="/usr/java/packages/lib/amd64:/usr/lib64:/lib64:/lib:/usr/lib" />
    <property name="env.rvm_prefix" value="/home/ssoares" />
    <property name="env.PATH" value="/home/ssoares/Enthought/Canopy_64bit/User/bin:/home/ssoares/.rvm/gems/ruby-2.2.1/bin:/home/ssoares/.rvm/gems/ruby-2.2.1@global/bin:/home/ssoares/.rvm/rubies/ruby-2.2.1/bin:/home/ssoares/bin:/home/ssoares/Enthought/Canopy_64bit/User/bin:/usr/local/sbin:/usr/local/bin:/usr/sbin:/usr/bin:/sbin:/bin:/usr/games:/usr/local/games:/home/ssoares/bin:/usr/local/java/jdk1.8.0_71//bin:/home/ssoares/dev/android-studio/bin/:/home/ssoares/bin:/usr/local/java/jdk1.8.0_71//bin:/home/ssoares/dev/android-studio/bin/:/home/ssoares/.rvm/bin:/home/ssoares/.rvm/bin:/home/ssoares/.rvm/bin" />
    <property name="env.LESSCLOSE" value="/usr/bin/lesspipe %s %s" />
    <property name="ant.java.version" value="1.8" />
    <property name="env.TEXTDOMAINDIR" value="/usr/share/locale/" />
    <property name="basedir" value="/home/ssoares/CodeU/cs-java-hello-world-lab-codeU/javacs-lab00" />
    <property name="java.class.version" value="52.0" />
    <property name="env.SHLVL" value="2" />
    <property name="ant.home" value="/usr/share/ant" />
    <property name="ant.file.JavaCS" value="/home/ssoares/CodeU/cs-java-hello-world-lab-codeU/javacs-lab00/build.xml" />
    <property name="env._system_arch" value="x86_64" />
    <property name="sun.boot.library.path" value="/usr/local/java/jdk1.8.0_71/jre/lib/amd64" />
    <property name="env.VIRTUAL_ENV" value="/home/ssoares/Enthought/Canopy_64bit/User" />
    <property name="sun.management.compiler" value="HotSpot 64-Bit Tiered Compilers" />
    <property name="java.awt.graphicsenv" value="sun.awt.X11GraphicsEnvironment" />
    <property name="env.USER" value="ssoares" />
    <property name="env.GTK_IM_MODULE" value="ibus" />
    <property name="env.GTK_MODULES" value="overlay-scrollbar:unity-gtk-module" />
    <property name="ant.file.type.JavaCS" value="file" />
    <property name="ant.project.name" value="JavaCS" />
    <property name="env.SESSIONTYPE" value="gnome-session" />
    <property name="java.vm.specification.version" value="1.8" />
    <property name="env.NLSPATH" value="/usr/dt/lib/nls/msg/%L/%N.cat" />
    <property name="awt.toolkit" value="sun.awt.X11.XToolkit" />
    <property name="env.MY_RUBY_HOME" value="/home/ssoares/.rvm/rubies/ruby-2.2.1" />
    <property name="sun.cpu.isalist" value="" />
    <property name="env.COMPIZ_BIN_PATH" value="/usr/bin/" />
    <property name="java.ext.dirs" value="/usr/local/java/jdk1.8.0_71/jre/lib/ext:/usr/java/packages/lib/ext" />
    <property name="os.version" value="3.19.0-51-generic" />
    <property name="env.QT_QPA_PLATFORMTHEME" value="appmenu-qt5" />
    <property name="user.home" value="/home/ssoares" />
    <property name="env.XDG_CURRENT_DESKTOP" value="Unity" />
    <property name="java.vm.vendor" value="Oracle Corporation" />
    <property name="env.SESSION" value="ubuntu" />
    <property name="env.XDG_SESSION_ID" value="c2" />
    <property name="junit.output.dir" value="junit" />
    <property name="env.XAUTHORITY" value="/home/ssoares/.Xauthority" />
    <property name="user.dir" value="/home/ssoares/CodeU/cs-java-hello-world-lab-codeU" />
    <property name="env.XFILESEARCHPATH" value="/usr/dt/app-defaults/%L/Dt" />
    <property name="env.PWD" value="/home/ssoares/CodeU/cs-java-hello-world-lab-codeU" />
    <property name="sun.cpu.endian" value="little" />
    <property name="java.vm.version" value="25.71-b15" />
    <property name="java.class.path" value="/home/ssoares/CodeU/cs-java-hello-world-lab-codeU/javacs-lab00/bin:/home/ssoares/CodeU/cs-java-hello-world-lab-codeU/javacs-lab00/lib/junit-4.12.jar:/home/ssoares/CodeU/cs-java-hello-world-lab-codeU/javacs-lab00/lib/hamcrest-core-1.3.jar:/usr/share/java/ant-launcher-1.9.3.jar:/usr/share/ant/lib/ant.jar:/usr/share/ant/lib/ant-junit.jar:/usr/share/ant/lib/ant-junit4.jar" />
    <property name="ant.library.dir" value="/usr/share/ant/lib" />
    <property name="os.arch" value="amd64" />
    <property name="sun.java.launcher" value="SUN_STANDARD" />
    <property name="ant.core.lib" value="/usr/share/ant/lib/ant.jar" />
    <property name="java.vm.specification.vendor" value="Oracle Corporation" />
    <property name="file.separator" value="/" />
    <property name="java.runtime.version" value="1.8.0_71-b15" />
    <property name="env.SSH_AUTH_SOCK" value="/run/user/1000/keyring-qqGU5y/ssh" />
    <property name="sun.boot.class.path" value="/usr/local/java/jdk1.8.0_71/jre/lib/resources.jar:/usr/local/java/jdk1.8.0_71/jre/lib/rt.jar:/usr/local/java/jdk1.8.0_71/jre/lib/sunrsasign.jar:/usr/local/java/jdk1.8.0_71/jre/lib/jsse.jar:/usr/local/java/jdk1.8.0_71/jre/lib/jce.jar:/usr/local/java/jdk1.8.0_71/jre/lib/charsets.jar:/usr/local/java/jdk1.8.0_71/jre/lib/jfr.jar:/usr/local/java/jdk1.8.0_71/jre/classes" />
    <property name="env.QT4_IM_MODULE" value="xim" />
    <property name="env.XDG_CONFIG_DIRS" value="/etc/xdg/xdg-ubuntu:/usr/share/upstart/xdg:/etc/xdg" />
    <property name="env.XDG_RUNTIME_DIR" value="/run/user/1000" />
    <property name="user.country" value="US" />
    <property name="env.INSTANCE" value="" />
    <property name="env.SHELL" value="/bin/bash" />
    <property name="env.ANDROID_HVPROTO" value="ddm" />
    <property name="java.vendor" value="Oracle Corporation" />
    <property name="env.GPG_AGENT_INFO" value="/run/user/1000/keyring-qqGU5y/gpg:0:1" />
    <property name="java.specification.version" value="1.8" />
    <property name="env.IRBRC" value="/home/ssoares/.rvm/rubies/ruby-2.2.1/.irbrc" />
    <property name="sun.arch.data.model" value="64" />
    <property name="env.GNOME_DESKTOP_SESSION_ID" value="this-is-deprecated" />
  </properties>
  <testcase classname="com.flatironschool.javacs.HelloWorldTest" name="testGetVersion" time="0.003" />
  <system-out><![CDATA[]]></system-out>
  <system-err><![CDATA[]]></system-err>
</testsuite>
